<?xml version="1.0" encoding="UTF-8"?>
<!-- Generated by org.testng.reporters.JUnitXMLReporter -->
<testsuite ignored="4" hostname="LAPTOP-1BN0T86K" failures="0" tests="1" name="Default test(failed)" time="6.83" errors="0" timestamp="2023-03-07T20:07:04 IST">
  <testcase classname="born.Testngtesting" name="fg2" time="6.74"/>
  <testcase classname="born.Testngtesting" name="fg1" time="0.0">
    <ignored/>
  </testcase> <!-- fg1 -->
  <testcase classname="born.Testngtesting" name="f1" time="0.0">
    <ignored/>
  </testcase> <!-- f1 -->
  <testcase classname="born.Testngtesting" name="fg3" time="0.0">
    <ignored/>
  </testcase> <!-- fg3 -->
  <testcase classname="born.Testngtesting" name="f" time="0.0">
    <ignored/>
  </testcase> <!-- f -->
</testsuite> <!-- Default test(failed) -->
