<?xml version="1.0" encoding="UTF-8"?>
<!-- Generated by org.testng.reporters.JUnitXMLReporter -->
<testsuite ignored="0" hostname="LAPTOP-1BN0T86K" failures="1" tests="2" name="Surefire test" time="9.776" errors="0" timestamp="2023-03-22T00:58:58 IST">
  <testcase classname="born.Testngtesting" name="f" time="6.859"/>
  <testcase classname="born.Testngtesting" name="f1" time="2.852">
    <failure type="java.lang.AssertionError" message="expected [Tools QA] but found [Tools QA2]">
      <![CDATA[java.lang.AssertionError: expected [Tools QA] but found [Tools QA2]
at born.Testngtesting.f1(Testngtesting.java:59)
at java.base/java.util.ArrayList.forEach(ArrayList.java:1511)
... Removed 38 stack frames]]>
    </failure>
  </testcase> <!-- f1 -->
</testsuite> <!-- Surefire test -->
