<?xml version="1.0" encoding="UTF-8"?>
<!-- Generated by org.testng.reporters.JUnitXMLReporter -->
<testsuite ignored="0" hostname="LAPTOP-1BN0T86K" failures="1" tests="2" name="Surefire test" time="9.363" errors="0" timestamp="2023-03-17T00:15:42 IST">
  <testcase classname="born.Testngtesting" name="f" time="6.248">
    <failure type="java.lang.AssertionError" message="The following asserts failed:
	expected [Tools QA1] but found [Tools QA]">
      <![CDATA[java.lang.AssertionError: The following asserts failed:
expected [Tools QA1] but found [Tools QA]
at born.Testngtesting.f(Testngtesting.java:37)
at java.base/java.util.ArrayList.forEach(ArrayList.java:1511)
... Removed 34 stack frames]]>
    </failure>
  </testcase> <!-- f -->
  <testcase classname="born.Testngtesting" name="f1" time="3.052"/>
</testsuite> <!-- Surefire test -->
