<?xml version="1.0" encoding="UTF-8"?>
<testng-results ignored="0" total="2" passed="2" failed="0" skipped="0">
  <reporter-output>
  </reporter-output>
  <suite started-at="2023-03-20T01:44:41 IST" name="Command line suite" finished-at="2023-03-20T01:44:49 IST" duration-ms="8056">
    <groups>
    </groups>
    <test started-at="2023-03-20T01:44:41 IST" name="Command line test" finished-at="2023-03-20T01:44:49 IST" duration-ms="8056">
      <class name="born.Testngtesting">
        <test-method signature="f()[pri:0, instance:born.Testngtesting@24269709]" started-at="2023-03-20T01:44:41 IST" name="f" finished-at="2023-03-20T01:44:46 IST" duration-ms="4839" status="PASS">
          <reporter-output>
          </reporter-output>
        </test-method> <!-- f -->
        <test-method signature="f1()[pri:0, instance:born.Testngtesting@24269709]" started-at="2023-03-20T01:44:46 IST" name="f1" finished-at="2023-03-20T01:44:49 IST" duration-ms="3152" status="PASS">
          <reporter-output>
          </reporter-output>
        </test-method> <!-- f1 -->
      </class> <!-- born.Testngtesting -->
    </test> <!-- Command line test -->
  </suite> <!-- Command line suite -->
</testng-results>
